<?xml version="1.0" encoding="UTF-8" ?>
<testsuite failures="0" time="0.008" errors="0" skipped="0" tests="13" name="edu.louisiana.cacs.csce450Project.SanityCheck">
  <properties>
    <property name="java.runtime.name" value="Java(TM) SE Runtime Environment"/>
    <property name="sun.boot.library.path" value="C:\Program Files\Java\jre7\bin"/>
    <property name="java.vm.version" value="24.51-b03"/>
    <property name="java.vm.vendor" value="Oracle Corporation"/>
    <property name="java.vendor.url" value="http://java.oracle.com/"/>
    <property name="path.separator" value=";"/>
    <property name="java.vm.name" value="Java HotSpot(TM) 64-Bit Server VM"/>
    <property name="file.encoding.pkg" value="sun.io"/>
    <property name="user.script" value=""/>
    <property name="user.country" value="US"/>
    <property name="sun.java.launcher" value="SUN_STANDARD"/>
    <property name="sun.os.patch.level" value=""/>
    <property name="java.vm.specification.name" value="Java Virtual Machine Specification"/>
    <property name="user.dir" value="C:\cygwin64\home\pavankumar\450G_starter_code-master"/>
    <property name="java.runtime.version" value="1.7.0_51-b13"/>
    <property name="java.awt.graphicsenv" value="sun.awt.Win32GraphicsEnvironment"/>
    <property name="basedir" value="C:\cygwin64\home\pavankumar\450G_starter_code-master"/>
    <property name="java.endorsed.dirs" value="C:\Program Files\Java\jre7\lib\endorsed"/>
    <property name="os.arch" value="amd64"/>
    <property name="java.io.tmpdir" value="C:\cygwin64\tmp\"/>
    <property name="line.separator" value="
"/>
    <property name="java.vm.specification.vendor" value="Oracle Corporation"/>
    <property name="user.variant" value=""/>
    <property name="os.name" value="Windows 8"/>
    <property name="sun.jnu.encoding" value="Cp1252"/>
    <property name="java.library.path" value="C:\WINDOWS\system32;C:\WINDOWS\Sun\Java\bin;C:\WINDOWS\system32;C:\WINDOWS;C:\cygwin64\usr\local\bin;C:\cygwin64\bin;C:\Program Files (x86)\NVIDIA Corporation\PhysX\Common;C:\Program Files (x86)\Intel\iCLS Client;C:\Program Files\Intel\iCLS Client;C:\WINDOWS\system32;C:\WINDOWS;C:\WINDOWS\System32\Wbem;C:\WINDOWS\System32\WindowsPowerShell\v1.0;C:\Program Files (x86)\Windows Live\Shared;C:\Program Files\Intel\Intel(R) Management Engine Components\DAL;C:\Program Files\Intel\Intel(R) Management Engine Components\IPT;C:\Program Files (x86)\Intel\Intel(R) Management Engine Components\DAL;C:\Program Files (x86)\Intel\Intel(R) Management Engine Components\IPT;C:\Program Files (x86)\Intel\OpenCL SDK\3.0\bin\x86;C:\Program Files (x86)\Intel\OpenCL SDK\3.0\bin\x64;C:\Program Files\Microsoft\Web Platform Installer;C:\Program Files (x86)\Microsoft ASP.NET\ASP.NET Web Pages\v1.0;C:\Program Files\Microsoft SQL Server\110\Tools\Binn;C:\Program Files (x86)\Windows Kits\8.0\Windows Performance Toolkit;C:\Program Files\apache-maven\apache-maven-3.2.3\bin;C:\Program Files\Java\jdk1.7.0_51\bin;."/>
    <property name="java.specification.name" value="Java Platform API Specification"/>
    <property name="java.class.version" value="51.0"/>
    <property name="sun.management.compiler" value="HotSpot 64-Bit Tiered Compilers"/>
    <property name="os.version" value="6.2"/>
    <property name="user.home" value="C:\Users\pavankumar"/>
    <property name="user.timezone" value=""/>
    <property name="java.awt.printerjob" value="sun.awt.windows.WPrinterJob"/>
    <property name="file.encoding" value="Cp1252"/>
    <property name="java.specification.version" value="1.7"/>
    <property name="user.name" value="pavankumar"/>
    <property name="java.class.path" value="C:\Users\pavankumar\.m2\repository\org\apache\maven\surefire\surefire-booter\2.0\surefire-booter-2.0.jar;C:\Users\pavankumar\.m2\repository\org\apache\maven\surefire\surefire-api\2.0\surefire-api-2.0.jar;C:\Users\pavankumar\.m2\repository\org\codehaus\plexus\plexus-utils\1.1\plexus-utils-1.1.jar"/>
    <property name="java.vm.specification.version" value="1.7"/>
    <property name="sun.arch.data.model" value="64"/>
    <property name="java.home" value="C:\Program Files\Java\jre7"/>
    <property name="sun.java.command" value="org.apache.maven.surefire.booter.SurefireBooter C:\cygwin64\tmp\surefire2612233080370823807tmp C:\cygwin64\tmp\surefire29704208642987612tmp"/>
    <property name="java.specification.vendor" value="Oracle Corporation"/>
    <property name="user.language" value="en"/>
    <property name="awt.toolkit" value="sun.awt.windows.WToolkit"/>
    <property name="java.vm.info" value="mixed mode"/>
    <property name="java.version" value="1.7.0_51"/>
    <property name="java.ext.dirs" value="C:\Program Files\Java\jre7\lib\ext;C:\WINDOWS\Sun\Java\lib\ext"/>
    <property name="sun.boot.class.path" value="C:\Program Files\Java\jre7\lib\resources.jar;C:\Program Files\Java\jre7\lib\rt.jar;C:\Program Files\Java\jre7\lib\sunrsasign.jar;C:\Program Files\Java\jre7\lib\jsse.jar;C:\Program Files\Java\jre7\lib\jce.jar;C:\Program Files\Java\jre7\lib\charsets.jar;C:\Program Files\Java\jre7\lib\jfr.jar;C:\Program Files\Java\jre7\classes"/>
    <property name="java.vendor" value="Oracle Corporation"/>
    <property name="localRepository" value="C:\Users\pavankumar\.m2\repository"/>
    <property name="file.separator" value="\"/>
    <property name="java.vendor.url.bug" value="http://bugreport.sun.com/bugreport/"/>
    <property name="sun.cpu.endian" value="little"/>
    <property name="sun.io.unicode.encoding" value="UnicodeLittle"/>
    <property name="sun.desktop" value="windows"/>
    <property name="sun.cpu.isalist" value="amd64"/>
  </properties>
  <testcase time="0.003" name="edu.louisiana.cacs.csce450Project.SanityCheck.testThatHamcrestVersionOfAssertSameAndAssertNotSameWork"/>
  <testcase time="0" name="edu.louisiana.cacs.csce450Project.SanityCheck.testThatHamcrestVersionOfAssertNullAndNotNullWork"/>
  <testcase time="0" name="edu.louisiana.cacs.csce450Project.SanityCheck.testThatAssertNullAndAssertNotNullWork"/>
  <testcase time="0.001" name="edu.louisiana.cacs.csce450Project.SanityCheck.testThatHamcrestVersionsOfAssertTrueFalseWork"/>
  <testcase time="0" name="edu.louisiana.cacs.csce450Project.SanityCheck.testThatAssertTrueAndAssertFalseWork"/>
  <testcase time="0" name="edu.louisiana.cacs.csce450Project.SanityCheck.testThatAssertSameAndAssertNotSameWork"/>
  <testcase time="0" name="edu.louisiana.cacs.csce450Project.SanityCheck.testThatHamcrestVersionOfAssertEqualsWorks"/>
  <testcase time="0" name="edu.louisiana.cacs.csce450Project.SanityCheck.testThatAssertEqualsWorks"/>
  <testcase time="0.001" name="edu.louisiana.cacs.csce450Project.SanityCheck.testDivideByZero"/>
  <testcase time="0" name="edu.louisiana.cacs.csce450Project.SanityCheck.testAddTwo"/>
  <testcase time="0" name="edu.louisiana.cacs.csce450Project.SanityCheck.testSubTwo"/>
  <testcase time="0" name="edu.louisiana.cacs.csce450Project.SanityCheck.testMultTwo"/>
  <testcase time="0" name="edu.louisiana.cacs.csce450Project.SanityCheck.testDivide"/>
</testsuite>